\BOOKMARK [-1][-]{part.1}{\376\377\000I\000\040\133\127\173\046\116\062}{}% 1
\BOOKMARK [0][-]{chapter.1}{\376\377\133\127\173\046\116\062\123\071\221\115}{part.1}% 2
\BOOKMARK [1][-]{section.1.1}{\376\377\146\264\122\233\120\132\154\325}{chapter.1}% 3
\BOOKMARK [1][-]{section.1.2}{\376\377\000K\000M\000P\000\040\173\227\154\325}{chapter.1}% 4
\BOOKMARK [2][-]{subsection.1.2.1}{\376\377\122\115\177\000\121\375\145\160}{section.1.2}% 5
\BOOKMARK [2][-]{subsection.1.2.2}{\376\377\116\343\170\001}{section.1.2}% 6
\BOOKMARK [1][-]{section.1.3}{\376\377\147\345\142\176}{chapter.1}% 7
\BOOKMARK [2][-]{subsection.1.3.1}{\376\377\116\343\170\001}{section.1.3}% 8
\BOOKMARK [-1][-]{part.2}{\376\377\000I\000I\000\040\145\160\133\146}{}% 9
\BOOKMARK [0][-]{chapter.2}{\376\377\145\160\213\272}{part.2}% 10
\BOOKMARK [1][-]{section.2.1}{\376\377\147\000\131\047\121\154\176\246\145\160}{chapter.2}% 11
\BOOKMARK [2][-]{subsection.2.1.1}{\376\377\133\232\116\111}{section.2.1}% 12
\BOOKMARK [2][-]{subsection.2.1.2}{\376\377\153\047\121\340\221\314\137\227\173\227\154\325}{section.2.1}% 13
\BOOKMARK [1][-]{section.2.2}{\376\377\210\364\207\000\133\232\164\006}{chapter.2}% 14
\BOOKMARK [2][-]{subsection.2.2.1}{\376\377\121\205\133\271}{section.2.2}% 15
\BOOKMARK [1][-]{section.2.3}{\376\377\116\130\154\325\220\006\121\103}{chapter.2}% 16
\BOOKMARK [2][-]{subsection.2.3.1}{\376\377\133\232\116\111}{section.2.3}% 17
\BOOKMARK [2][-]{subsection.2.3.2}{\376\377\142\151\134\125\153\047\121\340\221\314\137\227\173\227\154\325}{section.2.3}% 18
\BOOKMARK [-1][-]{part.3}{\376\377\000I\000I\000I\000\040\145\160\143\156\176\323\147\204}{}% 19
\BOOKMARK [0][-]{chapter.3}{\376\377\136\166\147\345\226\306}{part.3}% 20
\BOOKMARK [1][-]{section.3.1}{\376\377\136\166\147\345\226\306}{chapter.3}% 21
\BOOKMARK [2][-]{subsection.3.1.1}{\376\377\133\236\163\260}{section.3.1}% 22
\BOOKMARK [1][-]{section.3.2}{\376\377\136\046\147\103\136\166\147\345\226\306}{chapter.3}% 23
\BOOKMARK [0][-]{chapter.4}{\376\377\176\277\153\265\150\021}{part.3}% 24
\BOOKMARK [1][-]{section.4.1}{\376\377\000K\000i\000n\000e\000t\000i\000c\000\040\000T\000o\000u\000r\000n\000a\000m\000e\000n\000t\000\040\150\021\000\040\000\050\000K\000T\000T\000\051}{chapter.4}% 25
\BOOKMARK [2][-]{subsection.4.1.1}{\376\377\211\343\121\263\166\204\225\356\230\230}{section.4.1}% 26
\BOOKMARK [2][-]{subsection.4.1.2}{\376\377\217\307\172\013}{section.4.1}% 27
\BOOKMARK [2][-]{subsection.4.1.3}{\376\377\133\236\163\260}{section.4.1}% 28
\BOOKMARK [-1][-]{part.4}{\376\377\000I\000V\000\040\126\376\213\272}{}% 29
\BOOKMARK [0][-]{chapter.5}{\376\377\150\021}{part.4}% 30
\BOOKMARK [1][-]{section.5.1}{\376\377\166\370\121\163\133\232\116\111\116\016\122\115\177\156\167\345\213\306}{chapter.5}% 31
\BOOKMARK [1][-]{section.5.2}{\376\377\150\021\224\376\122\126\122\006}{chapter.5}% 32
\BOOKMARK [2][-]{subsection.5.2.1}{\376\377\211\343\121\263\166\204\225\356\230\230}{section.5.2}% 33
\BOOKMARK [2][-]{subsection.5.2.2}{\376\377\221\315\224\376\122\126\122\006}{section.5.2}% 34
\BOOKMARK [0][-]{chapter.6}{\376\377\217\336\220\032\140\047\166\370\121\163}{part.4}% 35
\BOOKMARK [1][-]{section.6.1}{\376\377\166\370\121\163\133\232\116\111\116\016\122\115\177\156\167\345\213\306}{chapter.6}% 36
\BOOKMARK [1][-]{section.6.2}{\376\377\122\162\160\271}{chapter.6}% 37
\BOOKMARK [2][-]{subsection.6.2.1}{\376\377\217\307\172\013}{section.6.2}% 38
\BOOKMARK [2][-]{subsection.6.2.2}{\376\377\133\236\163\260}{section.6.2}% 39
\BOOKMARK [1][-]{section.6.3}{\376\377\122\162\217\271}{chapter.6}% 40
\BOOKMARK [2][-]{subsection.6.3.1}{\376\377\217\307\172\013}{section.6.3}% 41
\BOOKMARK [2][-]{subsection.6.3.2}{\376\377\133\236\163\260}{section.6.3}% 42
\BOOKMARK [1][-]{section.6.4}{\376\377\160\271\123\314\217\336\220\032\122\006\221\317}{chapter.6}% 43
\BOOKMARK [2][-]{subsection.6.4.1}{\376\377\133\236\163\260}{section.6.4}% 44
\BOOKMARK [1][-]{section.6.5}{\376\377\217\271\123\314\217\336\220\032\122\006\221\317}{chapter.6}% 45
\BOOKMARK [2][-]{subsection.6.5.1}{\376\377\133\236\163\260}{section.6.5}% 46
\BOOKMARK [1][-]{section.6.6}{\376\377\137\072\217\336\220\032\122\006\221\317}{chapter.6}% 47
\BOOKMARK [2][-]{subsection.6.6.1}{\376\377\133\236\163\260}{section.6.6}% 48
